Determining if the pthread_create exist failed with the following output:
Change Dir: /home/tianranliu/PycharmProjects/MV3D/src/lidar_data_preprocess/CMakeFiles/CMakeTmp

Run Build Command:"/usr/bin/make" "cmTC_a7cb5/fast"
/usr/bin/make -f CMakeFiles/cmTC_a7cb5.dir/build.make CMakeFiles/cmTC_a7cb5.dir/build
make[1]: Entering directory '/home/tianranliu/PycharmProjects/MV3D/src/lidar_data_preprocess/CMakeFiles/CMakeTmp'
Building C object CMakeFiles/cmTC_a7cb5.dir/CheckSymbolExists.c.o
/usr/bin/cc    -o CMakeFiles/cmTC_a7cb5.dir/CheckSymbolExists.c.o   -c /home/tianranliu/PycharmProjects/MV3D/src/lidar_data_preprocess/CMakeFiles/CMakeTmp/CheckSymbolExists.c
Linking C executable cmTC_a7cb5
/usr/bin/cmake -E cmake_link_script CMakeFiles/cmTC_a7cb5.dir/link.txt --verbose=1
/usr/bin/cc      -rdynamic CMakeFiles/cmTC_a7cb5.dir/CheckSymbolExists.c.o  -o cmTC_a7cb5 
CMakeFiles/cmTC_a7cb5.dir/CheckSymbolExists.c.o: In function `main':
CheckSymbolExists.c:(.text+0x1b): undefined reference to `pthread_create'
collect2: error: ld returned 1 exit status
CMakeFiles/cmTC_a7cb5.dir/build.make:97: recipe for target 'cmTC_a7cb5' failed
make[1]: *** [cmTC_a7cb5] Error 1
make[1]: Leaving directory '/home/tianranliu/PycharmProjects/MV3D/src/lidar_data_preprocess/CMakeFiles/CMakeTmp'
Makefile:126: recipe for target 'cmTC_a7cb5/fast' failed
make: *** [cmTC_a7cb5/fast] Error 2

File /home/tianranliu/PycharmProjects/MV3D/src/lidar_data_preprocess/CMakeFiles/CMakeTmp/CheckSymbolExists.c:
/* */
#include <pthread.h>

int main(int argc, char** argv)
{
  (void)argv;
#ifndef pthread_create
  return ((int*)(&pthread_create))[argc];
#else
  (void)argc;
  return 0;
#endif
}

Determining if the function pthread_create exists in the pthreads failed with the following output:
Change Dir: /home/tianranliu/PycharmProjects/MV3D/src/lidar_data_preprocess/CMakeFiles/CMakeTmp

Run Build Command:"/usr/bin/make" "cmTC_29a80/fast"
/usr/bin/make -f CMakeFiles/cmTC_29a80.dir/build.make CMakeFiles/cmTC_29a80.dir/build
make[1]: Entering directory '/home/tianranliu/PycharmProjects/MV3D/src/lidar_data_preprocess/CMakeFiles/CMakeTmp'
Building C object CMakeFiles/cmTC_29a80.dir/CheckFunctionExists.c.o
/usr/bin/cc   -DCHECK_FUNCTION_EXISTS=pthread_create   -o CMakeFiles/cmTC_29a80.dir/CheckFunctionExists.c.o   -c /usr/share/cmake-3.10/Modules/CheckFunctionExists.c
Linking C executable cmTC_29a80
/usr/bin/cmake -E cmake_link_script CMakeFiles/cmTC_29a80.dir/link.txt --verbose=1
/usr/bin/cc  -DCHECK_FUNCTION_EXISTS=pthread_create    -rdynamic CMakeFiles/cmTC_29a80.dir/CheckFunctionExists.c.o  -o cmTC_29a80 -lpthreads 
/usr/bin/ld: cannot find -lpthreads
collect2: error: ld returned 1 exit status
CMakeFiles/cmTC_29a80.dir/build.make:97: recipe for target 'cmTC_29a80' failed
make[1]: *** [cmTC_29a80] Error 1
make[1]: Leaving directory '/home/tianranliu/PycharmProjects/MV3D/src/lidar_data_preprocess/CMakeFiles/CMakeTmp'
Makefile:126: recipe for target 'cmTC_29a80/fast' failed
make: *** [cmTC_29a80/fast] Error 2


